生成启动时间为 2018/2/6 23:27:36。
     1>项目“G:\Robot\UseColor\UseColor\UseColor.vcxproj”在节点 2 上(Build 个目标)。
     1>ClCompile:
         E:\Visual Studio\VC\bin\CL.exe /c /ZI /nologo /W3 /WX- /sdl /Od /Oy- /D _CRT_SECURE_NO_WARNINGS /D _MBCS /Gm /EHsc /RTC1 /MDd /GS /fp:precise /Zc:wchar_t /Zc:forScope /Fo"Debug\\" /Fd"Debug\vc120.pdb" /Gd /TP /analyze- /errorReport:prompt main.cpp
         main.cpp
     1>e:\opencv\build\include\opencv2\core\mat.hpp(1965): warning C4819: 该文件包含不能在当前代码页(936)中表示的字符。请将该文件保存为 Unicode 格式以防止数据丢失
     1>e:\opencv\build\include\opencv2\core\persistence.hpp : warning C4819: 该文件包含不能在当前代码页(936)中表示的字符。请将该文件保存为 Unicode 格式以防止数据丢失
     1>e:\opencv\build\include\opencv2\core\utility.hpp : warning C4819: 该文件包含不能在当前代码页(936)中表示的字符。请将该文件保存为 Unicode 格式以防止数据丢失
     1>g:\robot\usecolor\usecolor\main.cpp(11): warning C4018: “<”: 有符号/无符号不匹配
     1>g:\robot\usecolor\usecolor\main.cpp(49): warning C4018: “<”: 有符号/无符号不匹配
     1>g:\robot\usecolor\usecolor\main.cpp(50): warning C4018: “<”: 有符号/无符号不匹配
     1>g:\robot\usecolor\usecolor\main.cpp(70): warning C4018: “<”: 有符号/无符号不匹配
     1>g:\robot\usecolor\usecolor\main.cpp(73): warning C4018: “<”: 有符号/无符号不匹配
     1>g:\robot\usecolor\usecolor\main.cpp(76): warning C4018: “<”: 有符号/无符号不匹配
       Link:
         E:\Visual Studio\VC\bin\link.exe /ERRORREPORT:PROMPT /OUT:"G:\Robot\UseColor\Debug\UseColor.exe" /INCREMENTAL /NOLOGO opencv_ts300d.lib opencv_world300d.lib kernel32.lib user32.lib gdi32.lib winspool.lib comdlg32.lib advapi32.lib shell32.lib ole32.lib oleaut32.lib uuid.lib odbc32.lib odbccp32.lib /MANIFEST /MANIFESTUAC:"level='asInvoker' uiAccess='false'" /manifest:embed /DEBUG /PDB:"G:\Robot\UseColor\Debug\UseColor.pdb" /TLBID:1 /DYNAMICBASE /NXCOMPAT /IMPLIB:"G:\Robot\UseColor\Debug\UseColor.lib" /MACHINE:X86 Debug\main.obj
         UseColor.vcxproj -> G:\Robot\UseColor\Debug\UseColor.exe
     1>已完成生成项目“G:\Robot\UseColor\UseColor\UseColor.vcxproj”(Build 个目标)的操作。

生成成功。

已用时间 00:00:01.52
